<?xml version="1.0" encoding="UTF-8"?>
<testsuite xmlns:xsi="http://www.w3.org/2001/XMLSchema-instance" xsi:noNamespaceSchemaLocation="https://maven.apache.org/surefire/maven-surefire-plugin/xsd/surefire-test-report-3.0.xsd" version="3.0" name="TestSuite" time="38.718" tests="6" errors="0" skipped="3" failures="3">
  <properties>
    <property name="sun.desktop" value="gnome"/>
    <property name="awt.toolkit" value="sun.awt.X11.XToolkit"/>
    <property name="file.encoding.pkg" value="sun.io"/>
    <property name="java.specification.version" value="1.8"/>
    <property name="sun.cpu.isalist" value=""/>
    <property name="sun.jnu.encoding" value="UTF-8"/>
    <property name="java.class.path" value="/media/amrka/01D59424710AE2D0/Practices/Appium/MobileTestingFrameWork/target/test-classes:/media/amrka/01D59424710AE2D0/Practices/Appium/MobileTestingFrameWork/target/classes:/home/amrka/.m2/repository/org/testng/testng/7.0.0/testng-7.0.0.jar:/home/amrka/.m2/repository/com/beust/jcommander/1.72/jcommander-1.72.jar:/home/amrka/.m2/repository/io/qameta/allure/allure-testng/2.13.0/allure-testng-2.13.0.jar:/home/amrka/.m2/repository/io/qameta/allure/allure-java-commons/2.13.0/allure-java-commons-2.13.0.jar:/home/amrka/.m2/repository/io/qameta/allure/allure-model/2.13.0/allure-model-2.13.0.jar:/home/amrka/.m2/repository/com/fasterxml/jackson/core/jackson-databind/2.9.8/jackson-databind-2.9.8.jar:/home/amrka/.m2/repository/com/fasterxml/jackson/core/jackson-annotations/2.9.0/jackson-annotations-2.9.0.jar:/home/amrka/.m2/repository/com/fasterxml/jackson/core/jackson-core/2.9.8/jackson-core-2.9.8.jar:/home/amrka/.m2/repository/org/apache/tika/tika-core/1.20/tika-core-1.20.jar:/home/amrka/.m2/repository/org/jooq/joor-java-8/0.9.10/joor-java-8-0.9.10.jar:/home/amrka/.m2/repository/org/seleniumhq/selenium/selenium-server/3.141.59/selenium-server-3.141.59.jar:/home/amrka/.m2/repository/org/seleniumhq/selenium/selenium-java/3.141.59/selenium-java-3.141.59.jar:/home/amrka/.m2/repository/org/seleniumhq/selenium/selenium-api/3.141.59/selenium-api-3.141.59.jar:/home/amrka/.m2/repository/org/seleniumhq/selenium/selenium-chrome-driver/3.141.59/selenium-chrome-driver-3.141.59.jar:/home/amrka/.m2/repository/org/seleniumhq/selenium/selenium-edge-driver/3.141.59/selenium-edge-driver-3.141.59.jar:/home/amrka/.m2/repository/org/seleniumhq/selenium/selenium-firefox-driver/3.141.59/selenium-firefox-driver-3.141.59.jar:/home/amrka/.m2/repository/org/seleniumhq/selenium/selenium-ie-driver/3.141.59/selenium-ie-driver-3.141.59.jar:/home/amrka/.m2/repository/org/seleniumhq/selenium/selenium-opera-driver/3.141.59/selenium-opera-driver-3.141.59.jar:/home/amrka/.m2/repository/org/seleniumhq/selenium/selenium-remote-driver/3.141.59/selenium-remote-driver-3.141.59.jar:/home/amrka/.m2/repository/org/seleniumhq/selenium/selenium-safari-driver/3.141.59/selenium-safari-driver-3.141.59.jar:/home/amrka/.m2/repository/org/seleniumhq/selenium/selenium-support/3.141.59/selenium-support-3.141.59.jar:/home/amrka/.m2/repository/net/bytebuddy/byte-buddy/1.8.15/byte-buddy-1.8.15.jar:/home/amrka/.m2/repository/org/apache/commons/commons-exec/1.3/commons-exec-1.3.jar:/home/amrka/.m2/repository/com/google/guava/guava/25.0-jre/guava-25.0-jre.jar:/home/amrka/.m2/repository/com/google/code/findbugs/jsr305/1.3.9/jsr305-1.3.9.jar:/home/amrka/.m2/repository/org/checkerframework/checker-compat-qual/2.0.0/checker-compat-qual-2.0.0.jar:/home/amrka/.m2/repository/com/google/errorprone/error_prone_annotations/2.1.3/error_prone_annotations-2.1.3.jar:/home/amrka/.m2/repository/com/google/j2objc/j2objc-annotations/1.1/j2objc-annotations-1.1.jar:/home/amrka/.m2/repository/org/codehaus/mojo/animal-sniffer-annotations/1.14/animal-sniffer-annotations-1.14.jar:/home/amrka/.m2/repository/net/jcip/jcip-annotations/1.0/jcip-annotations-1.0.jar:/home/amrka/.m2/repository/org/seleniumhq/selenium/jetty-repacked/9.4.12.v20180830/jetty-repacked-9.4.12.v20180830.jar:/home/amrka/.m2/repository/com/squareup/okio/okio/1.14.0/okio-1.14.0.jar:/home/amrka/.m2/repository/javax/servlet/javax.servlet-api/3.1.0/javax.servlet-api-3.1.0.jar:/home/amrka/.m2/repository/org/yaml/snakeyaml/1.19/snakeyaml-1.19.jar:/home/amrka/.m2/repository/io/appium/java-client/7.2.0/java-client-7.2.0.jar:/home/amrka/.m2/repository/com/google/code/gson/gson/2.8.5/gson-2.8.5.jar:/home/amrka/.m2/repository/org/apache/httpcomponents/httpclient/4.5.9/httpclient-4.5.9.jar:/home/amrka/.m2/repository/org/apache/httpcomponents/httpcore/4.4.11/httpcore-4.4.11.jar:/home/amrka/.m2/repository/commons-logging/commons-logging/1.2/commons-logging-1.2.jar:/home/amrka/.m2/repository/commons-codec/commons-codec/1.11/commons-codec-1.11.jar:/home/amrka/.m2/repository/cglib/cglib/3.2.12/cglib-3.2.12.jar:/home/amrka/.m2/repository/org/ow2/asm/asm/7.1/asm-7.1.jar:/home/amrka/.m2/repository/commons-validator/commons-validator/1.6/commons-validator-1.6.jar:/home/amrka/.m2/repository/commons-beanutils/commons-beanutils/1.9.2/commons-beanutils-1.9.2.jar:/home/amrka/.m2/repository/commons-digester/commons-digester/1.8.1/commons-digester-1.8.1.jar:/home/amrka/.m2/repository/commons-collections/commons-collections/3.2.2/commons-collections-3.2.2.jar:/home/amrka/.m2/repository/org/apache/commons/commons-lang3/3.9/commons-lang3-3.9.jar:/home/amrka/.m2/repository/commons-io/commons-io/2.6/commons-io-2.6.jar:/home/amrka/.m2/repository/org/springframework/spring-context/5.1.8.RELEASE/spring-context-5.1.8.RELEASE.jar:/home/amrka/.m2/repository/org/springframework/spring-aop/5.1.8.RELEASE/spring-aop-5.1.8.RELEASE.jar:/home/amrka/.m2/repository/org/springframework/spring-beans/5.1.8.RELEASE/spring-beans-5.1.8.RELEASE.jar:/home/amrka/.m2/repository/org/springframework/spring-core/5.1.8.RELEASE/spring-core-5.1.8.RELEASE.jar:/home/amrka/.m2/repository/org/springframework/spring-jcl/5.1.8.RELEASE/spring-jcl-5.1.8.RELEASE.jar:/home/amrka/.m2/repository/org/springframework/spring-expression/5.1.8.RELEASE/spring-expression-5.1.8.RELEASE.jar:/home/amrka/.m2/repository/org/aspectj/aspectjweaver/1.9.4/aspectjweaver-1.9.4.jar:/home/amrka/.m2/repository/org/slf4j/slf4j-api/1.7.26/slf4j-api-1.7.26.jar:/home/amrka/.m2/repository/com/squareup/okhttp3/okhttp/3.4.1/okhttp-3.4.1.jar:/home/amrka/.m2/repository/junit/junit/4.12/junit-4.12.jar:/home/amrka/.m2/repository/org/hamcrest/hamcrest-core/1.3/hamcrest-core-1.3.jar:/home/amrka/.m2/repository/com/relevantcodes/extentreports/2.41.2/extentreports-2.41.2.jar:/home/amrka/.m2/repository/org/jsoup/jsoup/1.8.3/jsoup-1.8.3.jar:/home/amrka/.m2/repository/org/xerial/sqlite-jdbc/3.8.11.1/sqlite-jdbc-3.8.11.1.jar:/home/amrka/.m2/repository/org/freemarker/freemarker/2.3.23/freemarker-2.3.23.jar:/home/amrka/.m2/repository/org/mongodb/mongodb-driver/3.0.4/mongodb-driver-3.0.4.jar:/home/amrka/.m2/repository/org/mongodb/bson/3.0.4/bson-3.0.4.jar:/home/amrka/.m2/repository/org/mongodb/mongodb-driver-core/3.0.4/mongodb-driver-core-3.0.4.jar:/home/amrka/.m2/repository/org/slf4j/slf4j-simple/1.7.28/slf4j-simple-1.7.28.jar:"/>
    <property name="java.vm.vendor" value="Oracle Corporation"/>
    <property name="sun.arch.data.model" value="64"/>
    <property name="java.vendor.url" value="http://java.oracle.com/"/>
    <property name="user.timezone" value=""/>
    <property name="java.vm.specification.version" value="1.8"/>
    <property name="os.name" value="Linux"/>
    <property name="user.country" value="US"/>
    <property name="sun.java.launcher" value="SUN_STANDARD"/>
    <property name="sun.boot.library.path" value="/usr/lib/jvm/jdk1.8.0_221/jre/lib/amd64"/>
    <property name="sun.java.command" value="/media/amrka/01D59424710AE2D0/Practices/Appium/MobileTestingFrameWork/target/surefire/surefirebooter4378121548423788377.jar /media/amrka/01D59424710AE2D0/Practices/Appium/MobileTestingFrameWork/target/surefire 2019-12-08T21-08-50_387-jvmRun1 surefire682268661153323015tmp surefire_06053113325383606477tmp"/>
    <property name="surefire.test.class.path" value="/media/amrka/01D59424710AE2D0/Practices/Appium/MobileTestingFrameWork/target/test-classes:/media/amrka/01D59424710AE2D0/Practices/Appium/MobileTestingFrameWork/target/classes:/home/amrka/.m2/repository/org/testng/testng/7.0.0/testng-7.0.0.jar:/home/amrka/.m2/repository/com/beust/jcommander/1.72/jcommander-1.72.jar:/home/amrka/.m2/repository/io/qameta/allure/allure-testng/2.13.0/allure-testng-2.13.0.jar:/home/amrka/.m2/repository/io/qameta/allure/allure-java-commons/2.13.0/allure-java-commons-2.13.0.jar:/home/amrka/.m2/repository/io/qameta/allure/allure-model/2.13.0/allure-model-2.13.0.jar:/home/amrka/.m2/repository/com/fasterxml/jackson/core/jackson-databind/2.9.8/jackson-databind-2.9.8.jar:/home/amrka/.m2/repository/com/fasterxml/jackson/core/jackson-annotations/2.9.0/jackson-annotations-2.9.0.jar:/home/amrka/.m2/repository/com/fasterxml/jackson/core/jackson-core/2.9.8/jackson-core-2.9.8.jar:/home/amrka/.m2/repository/org/apache/tika/tika-core/1.20/tika-core-1.20.jar:/home/amrka/.m2/repository/org/jooq/joor-java-8/0.9.10/joor-java-8-0.9.10.jar:/home/amrka/.m2/repository/org/seleniumhq/selenium/selenium-server/3.141.59/selenium-server-3.141.59.jar:/home/amrka/.m2/repository/org/seleniumhq/selenium/selenium-java/3.141.59/selenium-java-3.141.59.jar:/home/amrka/.m2/repository/org/seleniumhq/selenium/selenium-api/3.141.59/selenium-api-3.141.59.jar:/home/amrka/.m2/repository/org/seleniumhq/selenium/selenium-chrome-driver/3.141.59/selenium-chrome-driver-3.141.59.jar:/home/amrka/.m2/repository/org/seleniumhq/selenium/selenium-edge-driver/3.141.59/selenium-edge-driver-3.141.59.jar:/home/amrka/.m2/repository/org/seleniumhq/selenium/selenium-firefox-driver/3.141.59/selenium-firefox-driver-3.141.59.jar:/home/amrka/.m2/repository/org/seleniumhq/selenium/selenium-ie-driver/3.141.59/selenium-ie-driver-3.141.59.jar:/home/amrka/.m2/repository/org/seleniumhq/selenium/selenium-opera-driver/3.141.59/selenium-opera-driver-3.141.59.jar:/home/amrka/.m2/repository/org/seleniumhq/selenium/selenium-remote-driver/3.141.59/selenium-remote-driver-3.141.59.jar:/home/amrka/.m2/repository/org/seleniumhq/selenium/selenium-safari-driver/3.141.59/selenium-safari-driver-3.141.59.jar:/home/amrka/.m2/repository/org/seleniumhq/selenium/selenium-support/3.141.59/selenium-support-3.141.59.jar:/home/amrka/.m2/repository/net/bytebuddy/byte-buddy/1.8.15/byte-buddy-1.8.15.jar:/home/amrka/.m2/repository/org/apache/commons/commons-exec/1.3/commons-exec-1.3.jar:/home/amrka/.m2/repository/com/google/guava/guava/25.0-jre/guava-25.0-jre.jar:/home/amrka/.m2/repository/com/google/code/findbugs/jsr305/1.3.9/jsr305-1.3.9.jar:/home/amrka/.m2/repository/org/checkerframework/checker-compat-qual/2.0.0/checker-compat-qual-2.0.0.jar:/home/amrka/.m2/repository/com/google/errorprone/error_prone_annotations/2.1.3/error_prone_annotations-2.1.3.jar:/home/amrka/.m2/repository/com/google/j2objc/j2objc-annotations/1.1/j2objc-annotations-1.1.jar:/home/amrka/.m2/repository/org/codehaus/mojo/animal-sniffer-annotations/1.14/animal-sniffer-annotations-1.14.jar:/home/amrka/.m2/repository/net/jcip/jcip-annotations/1.0/jcip-annotations-1.0.jar:/home/amrka/.m2/repository/org/seleniumhq/selenium/jetty-repacked/9.4.12.v20180830/jetty-repacked-9.4.12.v20180830.jar:/home/amrka/.m2/repository/com/squareup/okio/okio/1.14.0/okio-1.14.0.jar:/home/amrka/.m2/repository/javax/servlet/javax.servlet-api/3.1.0/javax.servlet-api-3.1.0.jar:/home/amrka/.m2/repository/org/yaml/snakeyaml/1.19/snakeyaml-1.19.jar:/home/amrka/.m2/repository/io/appium/java-client/7.2.0/java-client-7.2.0.jar:/home/amrka/.m2/repository/com/google/code/gson/gson/2.8.5/gson-2.8.5.jar:/home/amrka/.m2/repository/org/apache/httpcomponents/httpclient/4.5.9/httpclient-4.5.9.jar:/home/amrka/.m2/repository/org/apache/httpcomponents/httpcore/4.4.11/httpcore-4.4.11.jar:/home/amrka/.m2/repository/commons-logging/commons-logging/1.2/commons-logging-1.2.jar:/home/amrka/.m2/repository/commons-codec/commons-codec/1.11/commons-codec-1.11.jar:/home/amrka/.m2/repository/cglib/cglib/3.2.12/cglib-3.2.12.jar:/home/amrka/.m2/repository/org/ow2/asm/asm/7.1/asm-7.1.jar:/home/amrka/.m2/repository/commons-validator/commons-validator/1.6/commons-validator-1.6.jar:/home/amrka/.m2/repository/commons-beanutils/commons-beanutils/1.9.2/commons-beanutils-1.9.2.jar:/home/amrka/.m2/repository/commons-digester/commons-digester/1.8.1/commons-digester-1.8.1.jar:/home/amrka/.m2/repository/commons-collections/commons-collections/3.2.2/commons-collections-3.2.2.jar:/home/amrka/.m2/repository/org/apache/commons/commons-lang3/3.9/commons-lang3-3.9.jar:/home/amrka/.m2/repository/commons-io/commons-io/2.6/commons-io-2.6.jar:/home/amrka/.m2/repository/org/springframework/spring-context/5.1.8.RELEASE/spring-context-5.1.8.RELEASE.jar:/home/amrka/.m2/repository/org/springframework/spring-aop/5.1.8.RELEASE/spring-aop-5.1.8.RELEASE.jar:/home/amrka/.m2/repository/org/springframework/spring-beans/5.1.8.RELEASE/spring-beans-5.1.8.RELEASE.jar:/home/amrka/.m2/repository/org/springframework/spring-core/5.1.8.RELEASE/spring-core-5.1.8.RELEASE.jar:/home/amrka/.m2/repository/org/springframework/spring-jcl/5.1.8.RELEASE/spring-jcl-5.1.8.RELEASE.jar:/home/amrka/.m2/repository/org/springframework/spring-expression/5.1.8.RELEASE/spring-expression-5.1.8.RELEASE.jar:/home/amrka/.m2/repository/org/aspectj/aspectjweaver/1.9.4/aspectjweaver-1.9.4.jar:/home/amrka/.m2/repository/org/slf4j/slf4j-api/1.7.26/slf4j-api-1.7.26.jar:/home/amrka/.m2/repository/com/squareup/okhttp3/okhttp/3.4.1/okhttp-3.4.1.jar:/home/amrka/.m2/repository/junit/junit/4.12/junit-4.12.jar:/home/amrka/.m2/repository/org/hamcrest/hamcrest-core/1.3/hamcrest-core-1.3.jar:/home/amrka/.m2/repository/com/relevantcodes/extentreports/2.41.2/extentreports-2.41.2.jar:/home/amrka/.m2/repository/org/jsoup/jsoup/1.8.3/jsoup-1.8.3.jar:/home/amrka/.m2/repository/org/xerial/sqlite-jdbc/3.8.11.1/sqlite-jdbc-3.8.11.1.jar:/home/amrka/.m2/repository/org/freemarker/freemarker/2.3.23/freemarker-2.3.23.jar:/home/amrka/.m2/repository/org/mongodb/mongodb-driver/3.0.4/mongodb-driver-3.0.4.jar:/home/amrka/.m2/repository/org/mongodb/bson/3.0.4/bson-3.0.4.jar:/home/amrka/.m2/repository/org/mongodb/mongodb-driver-core/3.0.4/mongodb-driver-core-3.0.4.jar:/home/amrka/.m2/repository/org/slf4j/slf4j-simple/1.7.28/slf4j-simple-1.7.28.jar:"/>
    <property name="sun.cpu.endian" value="little"/>
    <property name="user.home" value="/home/amrka"/>
    <property name="user.language" value="en"/>
    <property name="java.specification.vendor" value="Oracle Corporation"/>
    <property name="java.home" value="/usr/lib/jvm/jdk1.8.0_221/jre"/>
    <property name="basedir" value="/media/amrka/01D59424710AE2D0/Practices/Appium/MobileTestingFrameWork"/>
    <property name="file.separator" value="/"/>
    <property name="line.separator" value="&#10;"/>
    <property name="java.vm.specification.vendor" value="Oracle Corporation"/>
    <property name="java.specification.name" value="Java Platform API Specification"/>
    <property name="java.awt.graphicsenv" value="sun.awt.X11GraphicsEnvironment"/>
    <property name="surefire.real.class.path" value="/media/amrka/01D59424710AE2D0/Practices/Appium/MobileTestingFrameWork/target/surefire/surefirebooter4378121548423788377.jar:/home/amrka/.m2/repository/org/aspectj/aspectjweaver/1.9.4/aspectjweaver-1.9.4.jar"/>
    <property name="sun.boot.class.path" value="/usr/lib/jvm/jdk1.8.0_221/jre/lib/resources.jar:/usr/lib/jvm/jdk1.8.0_221/jre/lib/rt.jar:/usr/lib/jvm/jdk1.8.0_221/jre/lib/sunrsasign.jar:/usr/lib/jvm/jdk1.8.0_221/jre/lib/jsse.jar:/usr/lib/jvm/jdk1.8.0_221/jre/lib/jce.jar:/usr/lib/jvm/jdk1.8.0_221/jre/lib/charsets.jar:/usr/lib/jvm/jdk1.8.0_221/jre/lib/jfr.jar:/usr/lib/jvm/jdk1.8.0_221/jre/classes"/>
    <property name="sun.management.compiler" value="HotSpot 64-Bit Tiered Compilers"/>
    <property name="java.runtime.version" value="1.8.0_221-b11"/>
    <property name="user.name" value="amrka"/>
    <property name="path.separator" value=":"/>
    <property name="os.version" value="5.0.0-37-generic"/>
    <property name="java.endorsed.dirs" value="/usr/lib/jvm/jdk1.8.0_221/jre/lib/endorsed"/>
    <property name="java.runtime.name" value="Java(TM) SE Runtime Environment"/>
    <property name="file.encoding" value="UTF-8"/>
    <property name="java.vm.name" value="Java HotSpot(TM) 64-Bit Server VM"/>
    <property name="localRepository" value="/home/amrka/.m2/repository"/>
    <property name="java.vendor.url.bug" value="http://bugreport.sun.com/bugreport/"/>
    <property name="java.io.tmpdir" value="/tmp"/>
    <property name="java.version" value="1.8.0_221"/>
    <property name="user.dir" value="/media/amrka/01D59424710AE2D0/Practices/Appium/MobileTestingFrameWork"/>
    <property name="os.arch" value="amd64"/>
    <property name="java.vm.specification.name" value="Java Virtual Machine Specification"/>
    <property name="java.awt.printerjob" value="sun.print.PSPrinterJob"/>
    <property name="sun.os.patch.level" value="unknown"/>
    <property name="java.library.path" value="/usr/java/packages/lib/amd64:/usr/lib64:/lib64:/lib:/usr/lib"/>
    <property name="java.vm.info" value="mixed mode"/>
    <property name="java.vendor" value="Oracle Corporation"/>
    <property name="java.vm.version" value="25.221-b11"/>
    <property name="java.ext.dirs" value="/usr/lib/jvm/jdk1.8.0_221/jre/lib/ext:/usr/java/packages/lib/ext"/>
    <property name="sun.io.unicode.encoding" value="UnicodeLittle"/>
    <property name="java.class.version" value="52.0"/>
  </properties>
  <testcase name="setUp" classname="Tests.LandingPageTest" time="14.13">
    <failure message="Unable to create a new remote session. Please check the server log for more details. Original error: An unknown server-side error occurred while processing the command. Original error: Error executing adbExec. Original error: &apos;Command &apos;/home/amrka/Android/Sdk/platform-tools/adb -P 5037 -s RF8M82EDL8Y shell pm install -r /data/local/tmp/appium_cache/0cc1725a60a05dbb5d0d09256f2fc6ece7e3b10f.apk&apos; timed out after 8000ms&apos;. Try to increase the 8000ms adb execution timeout represented by &apos;uiautomator2ServerInstallTimeout&apos; capability&#10;Build info: version: &apos;3.141.59&apos;, revision: &apos;e82be7d358&apos;, time: &apos;2018-11-14T08:17:03&apos;&#10;System info: host: &apos;warrior&apos;, ip: &apos;127.0.1.1&apos;, os.name: &apos;Linux&apos;, os.arch: &apos;amd64&apos;, os.version: &apos;5.0.0-37-generic&apos;, java.version: &apos;1.8.0_221&apos;&#10;Driver info: driver.version: AndroidDriver&#10;remote stacktrace: UnknownError: An unknown server-side error occurred while processing the command. Original error: Error executing adbExec. Original error: &apos;Command &apos;/home/amrka/Android/Sdk/platform-tools/adb -P 5037 -s RF8M82EDL8Y shell pm install -r /data/local/tmp/appium_cache/0cc1725a60a05dbb5d0d09256f2fc6ece7e3b10f.apk&apos; timed out after 8000ms&apos;. Try to increase the 8000ms adb execution timeout represented by &apos;uiautomator2ServerInstallTimeout&apos; capability&#10;    at getResponseForW3CError (/tmp/.mount_AppiummJOVmb/resources/app/node_modules/appium/node_modules/appium-base-driver/lib/protocol/errors.js:804:9)&#10;    at asyncHandler (/tmp/.mount_AppiummJOVmb/resources/app/node_modules/appium/node_modules/appium-base-driver/lib/protocol/protocol.js:388:37)&#10;    at process._tickCallback (internal/process/next_tick.js:68:7)&#10;Build info: version: &apos;3.141.59&apos;, revision: &apos;e82be7d358&apos;, time: &apos;2018-11-14T08:17:03&apos;&#10;System info: host: &apos;warrior&apos;, ip: &apos;127.0.1.1&apos;, os.name: &apos;Linux&apos;, os.arch: &apos;amd64&apos;, os.version: &apos;5.0.0-37-generic&apos;, java.version: &apos;1.8.0_221&apos;&#10;Driver info: driver.version: AndroidDriver" type="org.openqa.selenium.SessionNotCreatedException">org.openqa.selenium.SessionNotCreatedException: 
Unable to create a new remote session. Please check the server log for more details. Original error: An unknown server-side error occurred while processing the command. Original error: Error executing adbExec. Original error: 'Command '/home/amrka/Android/Sdk/platform-tools/adb -P 5037 -s RF8M82EDL8Y shell pm install -r /data/local/tmp/appium_cache/0cc1725a60a05dbb5d0d09256f2fc6ece7e3b10f.apk' timed out after 8000ms'. Try to increase the 8000ms adb execution timeout represented by 'uiautomator2ServerInstallTimeout' capability
Build info: version: '3.141.59', revision: 'e82be7d358', time: '2018-11-14T08:17:03'
System info: host: 'warrior', ip: '127.0.1.1', os.name: 'Linux', os.arch: 'amd64', os.version: '5.0.0-37-generic', java.version: '1.8.0_221'
Driver info: driver.version: AndroidDriver
remote stacktrace: UnknownError: An unknown server-side error occurred while processing the command. Original error: Error executing adbExec. Original error: 'Command '/home/amrka/Android/Sdk/platform-tools/adb -P 5037 -s RF8M82EDL8Y shell pm install -r /data/local/tmp/appium_cache/0cc1725a60a05dbb5d0d09256f2fc6ece7e3b10f.apk' timed out after 8000ms'. Try to increase the 8000ms adb execution timeout represented by 'uiautomator2ServerInstallTimeout' capability
    at getResponseForW3CError (/tmp/.mount_AppiummJOVmb/resources/app/node_modules/appium/node_modules/appium-base-driver/lib/protocol/errors.js:804:9)
    at asyncHandler (/tmp/.mount_AppiummJOVmb/resources/app/node_modules/appium/node_modules/appium-base-driver/lib/protocol/protocol.js:388:37)
    at process._tickCallback (internal/process/next_tick.js:68:7)
Build info: version: '3.141.59', revision: 'e82be7d358', time: '2018-11-14T08:17:03'
System info: host: 'warrior', ip: '127.0.1.1', os.name: 'Linux', os.arch: 'amd64', os.version: '5.0.0-37-generic', java.version: '1.8.0_221'
Driver info: driver.version: AndroidDriver
Caused by: java.lang.reflect.InvocationTargetException
Caused by: org.openqa.selenium.WebDriverException: 
An unknown server-side error occurred while processing the command. Original error: Error executing adbExec. Original error: 'Command '/home/amrka/Android/Sdk/platform-tools/adb -P 5037 -s RF8M82EDL8Y shell pm install -r /data/local/tmp/appium_cache/0cc1725a60a05dbb5d0d09256f2fc6ece7e3b10f.apk' timed out after 8000ms'. Try to increase the 8000ms adb execution timeout represented by 'uiautomator2ServerInstallTimeout' capability
Build info: version: '3.141.59', revision: 'e82be7d358', time: '2018-11-14T08:17:03'
System info: host: 'warrior', ip: '127.0.1.1', os.name: 'Linux', os.arch: 'amd64', os.version: '5.0.0-37-generic', java.version: '1.8.0_221'
Driver info: driver.version: AndroidDriver
remote stacktrace: UnknownError: An unknown server-side error occurred while processing the command. Original error: Error executing adbExec. Original error: 'Command '/home/amrka/Android/Sdk/platform-tools/adb -P 5037 -s RF8M82EDL8Y shell pm install -r /data/local/tmp/appium_cache/0cc1725a60a05dbb5d0d09256f2fc6ece7e3b10f.apk' timed out after 8000ms'. Try to increase the 8000ms adb execution timeout represented by 'uiautomator2ServerInstallTimeout' capability
    at getResponseForW3CError (/tmp/.mount_AppiummJOVmb/resources/app/node_modules/appium/node_modules/appium-base-driver/lib/protocol/errors.js:804:9)
    at asyncHandler (/tmp/.mount_AppiummJOVmb/resources/app/node_modules/appium/node_modules/appium-base-driver/lib/protocol/protocol.js:388:37)
    at process._tickCallback (internal/process/next_tick.js:68:7)
</failure>
    <system-out><![CDATA[I am in onStart method SM-N975F
Driver Is Initiated
]]></system-out>
    <system-err><![CDATA[Dec 08, 2019 9:08:52 PM MdfService.DeviceApi addDeviceToUser
INFO: The device <RF8M82EDL8Y> is locked successfully
]]></system-err>
  </testcase>
  <testcase name="setUp" classname="Tests.LandingPageTest" time="12.286">
    <failure message="Unable to create a new remote session. Please check the server log for more details. Original error: An unknown server-side error occurred while processing the command. Original error: Error executing adbExec. Original error: &apos;Command &apos;/home/amrka/Android/Sdk/platform-tools/adb -P 5037 -s RF8M82EDL8Y shell pm install -r /data/local/tmp/appium_cache/0cc1725a60a05dbb5d0d09256f2fc6ece7e3b10f.apk&apos; timed out after 8000ms&apos;. Try to increase the 8000ms adb execution timeout represented by &apos;uiautomator2ServerInstallTimeout&apos; capability&#10;Build info: version: &apos;3.141.59&apos;, revision: &apos;e82be7d358&apos;, time: &apos;2018-11-14T08:17:03&apos;&#10;System info: host: &apos;warrior&apos;, ip: &apos;127.0.1.1&apos;, os.name: &apos;Linux&apos;, os.arch: &apos;amd64&apos;, os.version: &apos;5.0.0-37-generic&apos;, java.version: &apos;1.8.0_221&apos;&#10;Driver info: driver.version: AndroidDriver&#10;remote stacktrace: UnknownError: An unknown server-side error occurred while processing the command. Original error: Error executing adbExec. Original error: &apos;Command &apos;/home/amrka/Android/Sdk/platform-tools/adb -P 5037 -s RF8M82EDL8Y shell pm install -r /data/local/tmp/appium_cache/0cc1725a60a05dbb5d0d09256f2fc6ece7e3b10f.apk&apos; timed out after 8000ms&apos;. Try to increase the 8000ms adb execution timeout represented by &apos;uiautomator2ServerInstallTimeout&apos; capability&#10;    at getResponseForW3CError (/tmp/.mount_AppiummJOVmb/resources/app/node_modules/appium/node_modules/appium-base-driver/lib/protocol/errors.js:804:9)&#10;    at asyncHandler (/tmp/.mount_AppiummJOVmb/resources/app/node_modules/appium/node_modules/appium-base-driver/lib/protocol/protocol.js:388:37)&#10;    at process._tickCallback (internal/process/next_tick.js:68:7)&#10;Build info: version: &apos;3.141.59&apos;, revision: &apos;e82be7d358&apos;, time: &apos;2018-11-14T08:17:03&apos;&#10;System info: host: &apos;warrior&apos;, ip: &apos;127.0.1.1&apos;, os.name: &apos;Linux&apos;, os.arch: &apos;amd64&apos;, os.version: &apos;5.0.0-37-generic&apos;, java.version: &apos;1.8.0_221&apos;&#10;Driver info: driver.version: AndroidDriver" type="org.openqa.selenium.SessionNotCreatedException">org.openqa.selenium.SessionNotCreatedException: 
Unable to create a new remote session. Please check the server log for more details. Original error: An unknown server-side error occurred while processing the command. Original error: Error executing adbExec. Original error: 'Command '/home/amrka/Android/Sdk/platform-tools/adb -P 5037 -s RF8M82EDL8Y shell pm install -r /data/local/tmp/appium_cache/0cc1725a60a05dbb5d0d09256f2fc6ece7e3b10f.apk' timed out after 8000ms'. Try to increase the 8000ms adb execution timeout represented by 'uiautomator2ServerInstallTimeout' capability
Build info: version: '3.141.59', revision: 'e82be7d358', time: '2018-11-14T08:17:03'
System info: host: 'warrior', ip: '127.0.1.1', os.name: 'Linux', os.arch: 'amd64', os.version: '5.0.0-37-generic', java.version: '1.8.0_221'
Driver info: driver.version: AndroidDriver
remote stacktrace: UnknownError: An unknown server-side error occurred while processing the command. Original error: Error executing adbExec. Original error: 'Command '/home/amrka/Android/Sdk/platform-tools/adb -P 5037 -s RF8M82EDL8Y shell pm install -r /data/local/tmp/appium_cache/0cc1725a60a05dbb5d0d09256f2fc6ece7e3b10f.apk' timed out after 8000ms'. Try to increase the 8000ms adb execution timeout represented by 'uiautomator2ServerInstallTimeout' capability
    at getResponseForW3CError (/tmp/.mount_AppiummJOVmb/resources/app/node_modules/appium/node_modules/appium-base-driver/lib/protocol/errors.js:804:9)
    at asyncHandler (/tmp/.mount_AppiummJOVmb/resources/app/node_modules/appium/node_modules/appium-base-driver/lib/protocol/protocol.js:388:37)
    at process._tickCallback (internal/process/next_tick.js:68:7)
Build info: version: '3.141.59', revision: 'e82be7d358', time: '2018-11-14T08:17:03'
System info: host: 'warrior', ip: '127.0.1.1', os.name: 'Linux', os.arch: 'amd64', os.version: '5.0.0-37-generic', java.version: '1.8.0_221'
Driver info: driver.version: AndroidDriver
Caused by: java.lang.reflect.InvocationTargetException
Caused by: org.openqa.selenium.WebDriverException: 
An unknown server-side error occurred while processing the command. Original error: Error executing adbExec. Original error: 'Command '/home/amrka/Android/Sdk/platform-tools/adb -P 5037 -s RF8M82EDL8Y shell pm install -r /data/local/tmp/appium_cache/0cc1725a60a05dbb5d0d09256f2fc6ece7e3b10f.apk' timed out after 8000ms'. Try to increase the 8000ms adb execution timeout represented by 'uiautomator2ServerInstallTimeout' capability
Build info: version: '3.141.59', revision: 'e82be7d358', time: '2018-11-14T08:17:03'
System info: host: 'warrior', ip: '127.0.1.1', os.name: 'Linux', os.arch: 'amd64', os.version: '5.0.0-37-generic', java.version: '1.8.0_221'
Driver info: driver.version: AndroidDriver
remote stacktrace: UnknownError: An unknown server-side error occurred while processing the command. Original error: Error executing adbExec. Original error: 'Command '/home/amrka/Android/Sdk/platform-tools/adb -P 5037 -s RF8M82EDL8Y shell pm install -r /data/local/tmp/appium_cache/0cc1725a60a05dbb5d0d09256f2fc6ece7e3b10f.apk' timed out after 8000ms'. Try to increase the 8000ms adb execution timeout represented by 'uiautomator2ServerInstallTimeout' capability
    at getResponseForW3CError (/tmp/.mount_AppiummJOVmb/resources/app/node_modules/appium/node_modules/appium-base-driver/lib/protocol/errors.js:804:9)
    at asyncHandler (/tmp/.mount_AppiummJOVmb/resources/app/node_modules/appium/node_modules/appium-base-driver/lib/protocol/protocol.js:388:37)
    at process._tickCallback (internal/process/next_tick.js:68:7)
</failure>
    <system-out><![CDATA[Driver Is Initiated
]]></system-out>
    <system-err><![CDATA[Dec 08, 2019 9:09:05 PM MdfService.DeviceApi connectDevice
SEVERE: Device is in use
]]></system-err>
  </testcase>
  <testcase name="setUp" classname="Tests.LandingPageTest" time="12.13">
    <failure message="Unable to create a new remote session. Please check the server log for more details. Original error: An unknown server-side error occurred while processing the command. Original error: Error executing adbExec. Original error: &apos;Command &apos;/home/amrka/Android/Sdk/platform-tools/adb -P 5037 -s RF8M82EDL8Y shell pm install -r /data/local/tmp/appium_cache/0cc1725a60a05dbb5d0d09256f2fc6ece7e3b10f.apk&apos; timed out after 8000ms&apos;. Try to increase the 8000ms adb execution timeout represented by &apos;uiautomator2ServerInstallTimeout&apos; capability&#10;Build info: version: &apos;3.141.59&apos;, revision: &apos;e82be7d358&apos;, time: &apos;2018-11-14T08:17:03&apos;&#10;System info: host: &apos;warrior&apos;, ip: &apos;127.0.1.1&apos;, os.name: &apos;Linux&apos;, os.arch: &apos;amd64&apos;, os.version: &apos;5.0.0-37-generic&apos;, java.version: &apos;1.8.0_221&apos;&#10;Driver info: driver.version: AndroidDriver&#10;remote stacktrace: UnknownError: An unknown server-side error occurred while processing the command. Original error: Error executing adbExec. Original error: &apos;Command &apos;/home/amrka/Android/Sdk/platform-tools/adb -P 5037 -s RF8M82EDL8Y shell pm install -r /data/local/tmp/appium_cache/0cc1725a60a05dbb5d0d09256f2fc6ece7e3b10f.apk&apos; timed out after 8000ms&apos;. Try to increase the 8000ms adb execution timeout represented by &apos;uiautomator2ServerInstallTimeout&apos; capability&#10;    at getResponseForW3CError (/tmp/.mount_AppiummJOVmb/resources/app/node_modules/appium/node_modules/appium-base-driver/lib/protocol/errors.js:804:9)&#10;    at asyncHandler (/tmp/.mount_AppiummJOVmb/resources/app/node_modules/appium/node_modules/appium-base-driver/lib/protocol/protocol.js:388:37)&#10;    at process._tickCallback (internal/process/next_tick.js:68:7)&#10;Build info: version: &apos;3.141.59&apos;, revision: &apos;e82be7d358&apos;, time: &apos;2018-11-14T08:17:03&apos;&#10;System info: host: &apos;warrior&apos;, ip: &apos;127.0.1.1&apos;, os.name: &apos;Linux&apos;, os.arch: &apos;amd64&apos;, os.version: &apos;5.0.0-37-generic&apos;, java.version: &apos;1.8.0_221&apos;&#10;Driver info: driver.version: AndroidDriver" type="org.openqa.selenium.SessionNotCreatedException">org.openqa.selenium.SessionNotCreatedException: 
Unable to create a new remote session. Please check the server log for more details. Original error: An unknown server-side error occurred while processing the command. Original error: Error executing adbExec. Original error: 'Command '/home/amrka/Android/Sdk/platform-tools/adb -P 5037 -s RF8M82EDL8Y shell pm install -r /data/local/tmp/appium_cache/0cc1725a60a05dbb5d0d09256f2fc6ece7e3b10f.apk' timed out after 8000ms'. Try to increase the 8000ms adb execution timeout represented by 'uiautomator2ServerInstallTimeout' capability
Build info: version: '3.141.59', revision: 'e82be7d358', time: '2018-11-14T08:17:03'
System info: host: 'warrior', ip: '127.0.1.1', os.name: 'Linux', os.arch: 'amd64', os.version: '5.0.0-37-generic', java.version: '1.8.0_221'
Driver info: driver.version: AndroidDriver
remote stacktrace: UnknownError: An unknown server-side error occurred while processing the command. Original error: Error executing adbExec. Original error: 'Command '/home/amrka/Android/Sdk/platform-tools/adb -P 5037 -s RF8M82EDL8Y shell pm install -r /data/local/tmp/appium_cache/0cc1725a60a05dbb5d0d09256f2fc6ece7e3b10f.apk' timed out after 8000ms'. Try to increase the 8000ms adb execution timeout represented by 'uiautomator2ServerInstallTimeout' capability
    at getResponseForW3CError (/tmp/.mount_AppiummJOVmb/resources/app/node_modules/appium/node_modules/appium-base-driver/lib/protocol/errors.js:804:9)
    at asyncHandler (/tmp/.mount_AppiummJOVmb/resources/app/node_modules/appium/node_modules/appium-base-driver/lib/protocol/protocol.js:388:37)
    at process._tickCallback (internal/process/next_tick.js:68:7)
Build info: version: '3.141.59', revision: 'e82be7d358', time: '2018-11-14T08:17:03'
System info: host: 'warrior', ip: '127.0.1.1', os.name: 'Linux', os.arch: 'amd64', os.version: '5.0.0-37-generic', java.version: '1.8.0_221'
Driver info: driver.version: AndroidDriver
Caused by: java.lang.reflect.InvocationTargetException
Caused by: org.openqa.selenium.WebDriverException: 
An unknown server-side error occurred while processing the command. Original error: Error executing adbExec. Original error: 'Command '/home/amrka/Android/Sdk/platform-tools/adb -P 5037 -s RF8M82EDL8Y shell pm install -r /data/local/tmp/appium_cache/0cc1725a60a05dbb5d0d09256f2fc6ece7e3b10f.apk' timed out after 8000ms'. Try to increase the 8000ms adb execution timeout represented by 'uiautomator2ServerInstallTimeout' capability
Build info: version: '3.141.59', revision: 'e82be7d358', time: '2018-11-14T08:17:03'
System info: host: 'warrior', ip: '127.0.1.1', os.name: 'Linux', os.arch: 'amd64', os.version: '5.0.0-37-generic', java.version: '1.8.0_221'
Driver info: driver.version: AndroidDriver
remote stacktrace: UnknownError: An unknown server-side error occurred while processing the command. Original error: Error executing adbExec. Original error: 'Command '/home/amrka/Android/Sdk/platform-tools/adb -P 5037 -s RF8M82EDL8Y shell pm install -r /data/local/tmp/appium_cache/0cc1725a60a05dbb5d0d09256f2fc6ece7e3b10f.apk' timed out after 8000ms'. Try to increase the 8000ms adb execution timeout represented by 'uiautomator2ServerInstallTimeout' capability
    at getResponseForW3CError (/tmp/.mount_AppiummJOVmb/resources/app/node_modules/appium/node_modules/appium-base-driver/lib/protocol/errors.js:804:9)
    at asyncHandler (/tmp/.mount_AppiummJOVmb/resources/app/node_modules/appium/node_modules/appium-base-driver/lib/protocol/protocol.js:388:37)
    at process._tickCallback (internal/process/next_tick.js:68:7)
</failure>
    <system-out><![CDATA[Driver Is Initiated
]]></system-out>
    <system-err><![CDATA[Dec 08, 2019 9:09:17 PM MdfService.DeviceApi connectDevice
SEVERE: Device is in use
]]></system-err>
  </testcase>
  <testcase name="Verify_user_can_use_tourist_mode" classname="Tests.LandingPageTest" time="0">
    <skipped message="Unable to create a new remote session. Please check the server log for more details. Original error: An unknown server-side error occurred while processing the command. Original error: Error executing adbExec. Original error: &apos;Command &apos;/home/amrka/Android/Sdk/platform-tools/adb -P 5037 -s RF8M82EDL8Y shell pm install -r /data/local/tmp/appium_cache/0cc1725a60a05dbb5d0d09256f2fc6ece7e3b10f.apk&apos; timed out after 8000ms&apos;. Try to increase the 8000ms adb execution timeout represented by &apos;uiautomator2ServerInstallTimeout&apos; capability&#10;Build info: version: &apos;3.141.59&apos;, revision: &apos;e82be7d358&apos;, time: &apos;2018-11-14T08:17:03&apos;&#10;System info: host: &apos;warrior&apos;, ip: &apos;127.0.1.1&apos;, os.name: &apos;Linux&apos;, os.arch: &apos;amd64&apos;, os.version: &apos;5.0.0-37-generic&apos;, java.version: &apos;1.8.0_221&apos;&#10;Driver info: driver.version: AndroidDriver&#10;remote stacktrace: UnknownError: An unknown server-side error occurred while processing the command. Original error: Error executing adbExec. Original error: &apos;Command &apos;/home/amrka/Android/Sdk/platform-tools/adb -P 5037 -s RF8M82EDL8Y shell pm install -r /data/local/tmp/appium_cache/0cc1725a60a05dbb5d0d09256f2fc6ece7e3b10f.apk&apos; timed out after 8000ms&apos;. Try to increase the 8000ms adb execution timeout represented by &apos;uiautomator2ServerInstallTimeout&apos; capability&#10;    at getResponseForW3CError (/tmp/.mount_AppiummJOVmb/resources/app/node_modules/appium/node_modules/appium-base-driver/lib/protocol/errors.js:804:9)&#10;    at asyncHandler (/tmp/.mount_AppiummJOVmb/resources/app/node_modules/appium/node_modules/appium-base-driver/lib/protocol/protocol.js:388:37)&#10;    at process._tickCallback (internal/process/next_tick.js:68:7)&#10;Build info: version: &apos;3.141.59&apos;, revision: &apos;e82be7d358&apos;, time: &apos;2018-11-14T08:17:03&apos;&#10;System info: host: &apos;warrior&apos;, ip: &apos;127.0.1.1&apos;, os.name: &apos;Linux&apos;, os.arch: &apos;amd64&apos;, os.version: &apos;5.0.0-37-generic&apos;, java.version: &apos;1.8.0_221&apos;&#10;Driver info: driver.version: AndroidDriver"/>
    <system-out><![CDATA[I am in onTestStart method Verify_user_can_use_tourist_mode start
I am in onTestSkipped method Verify_user_can_use_tourist_mode skipped
]]></system-out>
  </testcase>
  <testcase name="Verify_user_can_use_local_mode" classname="Tests.LandingPageTest" time="0">
    <skipped message="Unable to create a new remote session. Please check the server log for more details. Original error: An unknown server-side error occurred while processing the command. Original error: Error executing adbExec. Original error: &apos;Command &apos;/home/amrka/Android/Sdk/platform-tools/adb -P 5037 -s RF8M82EDL8Y shell pm install -r /data/local/tmp/appium_cache/0cc1725a60a05dbb5d0d09256f2fc6ece7e3b10f.apk&apos; timed out after 8000ms&apos;. Try to increase the 8000ms adb execution timeout represented by &apos;uiautomator2ServerInstallTimeout&apos; capability&#10;Build info: version: &apos;3.141.59&apos;, revision: &apos;e82be7d358&apos;, time: &apos;2018-11-14T08:17:03&apos;&#10;System info: host: &apos;warrior&apos;, ip: &apos;127.0.1.1&apos;, os.name: &apos;Linux&apos;, os.arch: &apos;amd64&apos;, os.version: &apos;5.0.0-37-generic&apos;, java.version: &apos;1.8.0_221&apos;&#10;Driver info: driver.version: AndroidDriver&#10;remote stacktrace: UnknownError: An unknown server-side error occurred while processing the command. Original error: Error executing adbExec. Original error: &apos;Command &apos;/home/amrka/Android/Sdk/platform-tools/adb -P 5037 -s RF8M82EDL8Y shell pm install -r /data/local/tmp/appium_cache/0cc1725a60a05dbb5d0d09256f2fc6ece7e3b10f.apk&apos; timed out after 8000ms&apos;. Try to increase the 8000ms adb execution timeout represented by &apos;uiautomator2ServerInstallTimeout&apos; capability&#10;    at getResponseForW3CError (/tmp/.mount_AppiummJOVmb/resources/app/node_modules/appium/node_modules/appium-base-driver/lib/protocol/errors.js:804:9)&#10;    at asyncHandler (/tmp/.mount_AppiummJOVmb/resources/app/node_modules/appium/node_modules/appium-base-driver/lib/protocol/protocol.js:388:37)&#10;    at process._tickCallback (internal/process/next_tick.js:68:7)&#10;Build info: version: &apos;3.141.59&apos;, revision: &apos;e82be7d358&apos;, time: &apos;2018-11-14T08:17:03&apos;&#10;System info: host: &apos;warrior&apos;, ip: &apos;127.0.1.1&apos;, os.name: &apos;Linux&apos;, os.arch: &apos;amd64&apos;, os.version: &apos;5.0.0-37-generic&apos;, java.version: &apos;1.8.0_221&apos;&#10;Driver info: driver.version: AndroidDriver"/>
    <system-out><![CDATA[I am in onTestStart method Verify_user_can_use_local_mode start
I am in onTestSkipped method Verify_user_can_use_local_mode skipped
]]></system-out>
  </testcase>
  <testcase name="Verify_Places_near_by_is_displayed" classname="Tests.LandingPageTest" time="0">
    <skipped message="Unable to create a new remote session. Please check the server log for more details. Original error: An unknown server-side error occurred while processing the command. Original error: Error executing adbExec. Original error: &apos;Command &apos;/home/amrka/Android/Sdk/platform-tools/adb -P 5037 -s RF8M82EDL8Y shell pm install -r /data/local/tmp/appium_cache/0cc1725a60a05dbb5d0d09256f2fc6ece7e3b10f.apk&apos; timed out after 8000ms&apos;. Try to increase the 8000ms adb execution timeout represented by &apos;uiautomator2ServerInstallTimeout&apos; capability&#10;Build info: version: &apos;3.141.59&apos;, revision: &apos;e82be7d358&apos;, time: &apos;2018-11-14T08:17:03&apos;&#10;System info: host: &apos;warrior&apos;, ip: &apos;127.0.1.1&apos;, os.name: &apos;Linux&apos;, os.arch: &apos;amd64&apos;, os.version: &apos;5.0.0-37-generic&apos;, java.version: &apos;1.8.0_221&apos;&#10;Driver info: driver.version: AndroidDriver&#10;remote stacktrace: UnknownError: An unknown server-side error occurred while processing the command. Original error: Error executing adbExec. Original error: &apos;Command &apos;/home/amrka/Android/Sdk/platform-tools/adb -P 5037 -s RF8M82EDL8Y shell pm install -r /data/local/tmp/appium_cache/0cc1725a60a05dbb5d0d09256f2fc6ece7e3b10f.apk&apos; timed out after 8000ms&apos;. Try to increase the 8000ms adb execution timeout represented by &apos;uiautomator2ServerInstallTimeout&apos; capability&#10;    at getResponseForW3CError (/tmp/.mount_AppiummJOVmb/resources/app/node_modules/appium/node_modules/appium-base-driver/lib/protocol/errors.js:804:9)&#10;    at asyncHandler (/tmp/.mount_AppiummJOVmb/resources/app/node_modules/appium/node_modules/appium-base-driver/lib/protocol/protocol.js:388:37)&#10;    at process._tickCallback (internal/process/next_tick.js:68:7)&#10;Build info: version: &apos;3.141.59&apos;, revision: &apos;e82be7d358&apos;, time: &apos;2018-11-14T08:17:03&apos;&#10;System info: host: &apos;warrior&apos;, ip: &apos;127.0.1.1&apos;, os.name: &apos;Linux&apos;, os.arch: &apos;amd64&apos;, os.version: &apos;5.0.0-37-generic&apos;, java.version: &apos;1.8.0_221&apos;&#10;Driver info: driver.version: AndroidDriver"/>
    <system-out><![CDATA[I am in onTestStart method Verify_Places_near_by_is_displayed start
I am in onTestSkipped method Verify_Places_near_by_is_displayed skipped
]]></system-out>
  </testcase>
</testsuite>