<?xml version="1.0" encoding="UTF-8"?>
<!-- Generated by org.testng.reporters.JUnitReportReporter -->
<testsuite skipped="0" hostname="warrior" name="Tests.LandingPageTest" tests="3" failures="0" timestamp="2019-11-02T15:54:27 CET" time="58.976" errors="0">
  <testcase name="Verify_user_can_use_tourist_mode" time="20.837" classname="Tests.LandingPageTest"/>
  <testcase name="Verify_user_can_use_local_mode" time="23.859" classname="Tests.LandingPageTest"/>
  <testcase name="Verify_Places_near_by_is_displayed" time="14.280" classname="Tests.LandingPageTest"/>
</testsuite> <!-- Tests.LandingPageTest -->
