<?xml version="1.0" encoding="UTF-8"?>
<!-- Generated by org.testng.reporters.JUnitReportReporter -->
<testsuite skipped="0" hostname="WS-AMRKA-OSX.local" name="Tests.LandingPageTest" tests="3" failures="0" timestamp="2019-11-27T16:44:14 EET" time="100.862" errors="0">
  <testcase name="Verify_user_can_use_tourist_mode" time="30.910" classname="Tests.LandingPageTest"/>
  <testcase name="Verify_user_can_use_local_mode" time="46.716" classname="Tests.LandingPageTest"/>
  <testcase name="Verify_Places_near_by_is_displayed" time="23.236" classname="Tests.LandingPageTest"/>
</testsuite> <!-- Tests.LandingPageTest -->
