<?xml version="1.0" encoding="UTF-8"?>
<!-- Generated by org.testng.reporters.JUnitReportReporter -->
<testsuite skipped="0" hostname="WS-AMRKA3" name="Tests.LandingPageTest" tests="1" failures="0" timestamp="2019-12-09T11:56:45 CET" time="22.453" errors="0">
  <testcase name="Verify_user_can_use_tourist_mode" time="22.453" classname="Tests.LandingPageTest"/>
</testsuite> <!-- Tests.LandingPageTest -->
